<?xml version="1.0" encoding="UTF-8"?>
<testng-results ignored="0" total="1" passed="1" failed="0" skipped="0">
  <reporter-output>
  </reporter-output>
  <suite started-at="2022-08-21T16:14:51 IST" name="Default suite" finished-at="2022-08-21T16:15:17 IST" duration-ms="26091">
    <groups>
    </groups>
    <test started-at="2022-08-21T16:14:51 IST" name="Default test" finished-at="2022-08-21T16:15:17 IST" duration-ms="26091">
      <class name="seleniumtest.demo">
        <test-method is-config="true" signature="before()[pri:0, instance:seleniumtest.demo@15ff3e9e]" started-at="2022-08-21T16:14:51 IST" name="before" finished-at="2022-08-21T16:15:05 IST" duration-ms="14724" status="PASS">
          <reporter-output>
          </reporter-output>
        </test-method> <!-- before -->
        <test-method signature="test()[pri:0, instance:seleniumtest.demo@15ff3e9e]" started-at="2022-08-21T16:15:05 IST" name="test" finished-at="2022-08-21T16:15:17 IST" duration-ms="11303" status="PASS">
          <reporter-output>
          </reporter-output>
        </test-method> <!-- test -->
      </class> <!-- seleniumtest.demo -->
    </test> <!-- Default test -->
  </suite> <!-- Default suite -->
</testng-results>
